DynDom Clustering Log - 1k1q_a_2rdi_a_A_1k1q_a_2rdi_a_B
Started: 2025-07-10 10:31:09
============================================================

Window 5, K=2 - 10:31:10
  Clusters: 2 (sizes: [90, 232])
  Min cluster size: 90
  FAIL: Ratio check failed (avg: 0.000)
  Reason: Ratio validation failed (min: 0.000, threshold: 1.0)

Window 5, K=3 - 10:31:11
  Clusters: 3 (sizes: [91, 52, 179])
  Min cluster size: 52
  FAIL: Ratio check failed (avg: 2.174)
  Reason: Ratio validation failed (min: 0.000, threshold: 1.0)

Window 5, K=4 - 10:31:12
  Clusters: 4 (sizes: [64, 191, 24, 43])
  Min cluster size: 24
  FAIL: Domain building failed
  Reason: Domain building failed - all domains too small after connectivity analysis

Window 5, K=5 - 10:31:12
  Clusters: 5 (sizes: [64, 179, 43, 10, 26])
  Min cluster size: 10
  FAIL: Cluster too small (< 20 residues)
  Reason: Cluster too small, had valid clusters before but no valid domains

WINDOW SIZE CHANGE: 5 -> 7
  Reason: Valid clusters found before but no valid domains
  Time: 10:31:12
----------------------------------------

============================================================
FINAL RESULT
Time: 2025-07-10 10:31:12
Final K: None
Final window: 5
Status: -1
Number of domains: 0
============================================================
WINDOW SIZE CHANGE: 5 -> 7
  Reason: Clustering failed, trying larger window
  Time: 10:31:12
----------------------------------------

Window 7, K=2 - 10:31:13
  Clusters: 2 (sizes: [89, 231])
  Min cluster size: 89
  PASS: All checks passed (avg ratio: 4.419)
  Domains: 2 (sizes: [95, 225])
  Reason: All criteria met (avg ratio: 4.419, domains: 2)

Window 7, K=3 - 10:31:14
  Clusters: 3 (sizes: [67, 41, 212])
  Min cluster size: 41
  FAIL: Ratio check failed (avg: 0.000)
  Reason: Ratio validation failed (min: 0.000, threshold: 1.0)

Window 7, K=4 - 10:31:14
  Clusters: 4 (sizes: [65, 204, 35, 16])
  Min cluster size: 16
  FAIL: Cluster too small (< 20 residues)
  Reason: Cluster too small but previous valid solution exists (k=2)

============================================================
FINAL RESULT
Time: 2025-07-10 10:31:14
Final K: 2
Final window: 7
Status: 0
Number of domains: 2
Domain sizes: [95, 225]
============================================================
