DynDom Clustering Log - calmodulin1_A_calmodulin2_B
Started: 2025-07-03 10:37:25
============================================================

Window 5, K=2 - 10:37:25
  Clusters: 2 (sizes: [68, 70])
  Min cluster size: 68
  PASS: All checks passed (avg ratio: 23.991)
  Domains: 2 (sizes: [68, 70])
  Reason: All criteria met (avg ratio: 23.991, domains: 2)

Window 5, K=3 - 10:37:25
  Clusters: 3 (sizes: [68, 66, 4])
  Min cluster size: 4
  FAIL: Cluster too small (< 20 residues)
  Reason: Cluster too small but previous valid solution exists (k=2)

============================================================
FINAL RESULT
Time: 2025-07-03 10:37:25
Final K: 2
Final window: 5
Status: 0
Number of domains: 2
Domain sizes: [68, 70]
============================================================
