DynDom Clustering Log - calmodulin1_A_calmodulin2_B
Started: 2025-07-03 14:04:03
============================================================

Window 5, K=2 - 14:04:03
  Clusters: 2 (sizes: [68, 70])
  Min cluster size: 68
  PASS: All checks passed (avg ratio: 13.744)
  Domains: 2 (sizes: [68, 70])
  Reason: All criteria met (avg ratio: 13.744, domains: 2)

Window 5, K=3 - 14:04:03
  Clusters: 3 (sizes: [68, 66, 4])
  Min cluster size: 4
  FAIL: Cluster too small (< 20 residues)
  Reason: Cluster too small but previous valid solution exists (k=2)

============================================================
FINAL RESULT
Time: 2025-07-03 14:04:03
Final K: 2
Final window: 5
Status: 0
Number of domains: 2
Domain sizes: [68, 70]
============================================================
