DynDom Clustering Log - thior1r5m1_A_thior1r5m2_B
Started: 2025-07-08 09:51:21
============================================================

Window 5, K=2 - 09:51:21
  Clusters: 2 (sizes: [131, 181])
  Min cluster size: 131
  PASS: All checks passed (avg ratio: 9.750)
  Domains: 2 (sizes: [131, 181])
  Reason: All criteria met (avg ratio: 9.750, domains: 2)

Window 5, K=3 - 09:51:21
  Clusters: 3 (sizes: [180, 6, 126])
  Min cluster size: 6
  FAIL: Cluster too small (< 20 residues)
  Reason: Cluster too small but previous valid solution exists (k=2)

============================================================
FINAL RESULT
Time: 2025-07-08 09:51:21
Final K: 2
Final window: 5
Status: 0
Number of domains: 2
Domain sizes: [131, 181]
============================================================
