DynDom Clustering Log - 1cll_a_from_dyndomserver_A_1cll_a_screw1_A
Started: 2025-07-09 10:28:13
============================================================

Window 5, K=2 - 10:28:13
  Clusters: 2 (sizes: [93, 45])
  Min cluster size: 45
  PASS: All checks passed (avg ratio: 30.389)
  Domains: 2 (sizes: [93, 45])
  Reason: All criteria met (avg ratio: 30.389, domains: 2)

Window 5, K=3 - 10:28:13
  Clusters: 3 (sizes: [93, 43, 2])
  Min cluster size: 2
  FAIL: Cluster too small (< 20 residues)
  Reason: Cluster too small but previous valid solution exists (k=2)

============================================================
FINAL RESULT
Time: 2025-07-09 10:28:13
Final K: 2
Final window: 5
Status: 0
Number of domains: 2
Domain sizes: [93, 45]
============================================================
