DynDom Clustering Log - betap1r104m1_A_betap1r104m2_B
Started: 2025-07-09 12:05:20
============================================================

Window 5, K=2 - 12:05:20
  Clusters: 2 (sizes: [68, 147])
  Min cluster size: 68
  PASS: All checks passed (avg ratio: 4.406)
  Domains: 2 (sizes: [68, 147])
  Reason: All criteria met (avg ratio: 4.406, domains: 2)

Window 5, K=3 - 12:05:20
  Clusters: 3 (sizes: [63, 39, 113])
  Min cluster size: 39
  PASS: All checks passed (avg ratio: 2.417)
  Domains: 3 (sizes: [64, 38, 113])
  Reason: All criteria met (avg ratio: 2.417, domains: 3)

Window 5, K=4 - 12:05:20
  Clusters: 4 (sizes: [61, 105, 17, 32])
  Min cluster size: 17
  FAIL: Cluster too small (< 20 residues)
  Reason: Cluster too small but previous valid solution exists (k=3)

============================================================
FINAL RESULT
Time: 2025-07-09 12:05:20
Final K: 3
Final window: 5
Status: 0
Number of domains: 3
Domain sizes: [64, 38, 113]
============================================================
