DynDom Clustering Log - hexok5r1m1_A_hexok5r1m2_B
Started: 2025-07-09 12:14:10
============================================================

Window 5, K=2 - 12:14:15
  Clusters: 2 (sizes: [131, 322])
  Min cluster size: 131
  FAIL: Ratio check failed (avg: 0.000)
  Reason: Ratio validation failed (min: 0.000, threshold: 1.0)

Window 5, K=3 - 12:14:20
  Clusters: 3 (sizes: [264, 112, 77])
  Min cluster size: 77
  PASS: All checks passed (avg ratio: 1.381)
  Domains: 3 (sizes: [314, 100, 53])
  Reason: All criteria met (avg ratio: 1.381, domains: 3)

Window 5, K=4 - 12:14:25
  Clusters: 4 (sizes: [205, 78, 132, 38])
  Min cluster size: 38
  FAIL: Domain building failed
  Reason: Domain building failed but previous valid solution exists

============================================================
FINAL RESULT
Time: 2025-07-09 12:14:25
Final K: 3
Final window: 5
Status: 0
Number of domains: 3
Domain sizes: [314, 100, 53]
============================================================
