DynDom Clustering Log - 1cts_A_2cts_A
Started: 2025-07-14 11:43:27
============================================================

Window 5, K=2 - 11:43:28
  Clusters: 2 (sizes: [98, 335])
  Min cluster size: 98
  PASS: All checks passed (avg ratio: 2.160)
  Domains: 2 (sizes: [96, 337])
  Reason: All criteria met (avg ratio: 2.160, domains: 2)

Window 5, K=3 - 11:43:28
  Clusters: 3 (sizes: [335, 2, 96])
  Min cluster size: 2
  FAIL: Cluster too small (< 20 residues)
  Reason: Cluster too small but previous valid solution exists (k=2)

============================================================
FINAL RESULT
Time: 2025-07-14 11:43:28
Final K: 2
Final window: 5
Status: 0
Number of domains: 2
Domain sizes: [96, 337]
============================================================
