DynDom Clustering Log - 2dcy_e_2qz3_a_A_2dcy_e_2qz3_a_B
Started: 2025-07-14 15:58:08
============================================================

Window 5, K=2 - 15:58:09
  Clusters: 2 (sizes: [63, 117])
  Min cluster size: 63
  PASS: All checks passed (avg ratio: 1.173)
  Domains: 2 (sizes: [61, 119])
  Reason: All criteria met (avg ratio: 1.173, domains: 2)

Window 5, K=3 - 15:58:09
  Clusters: 3 (sizes: [53, 15, 112])
  Min cluster size: 15
  FAIL: Cluster too small (< 20 residues)
  Reason: Cluster too small but previous valid solution exists (k=2)

============================================================
FINAL RESULT
Time: 2025-07-14 15:58:09
Final K: 2
Final window: 5
Status: 0
Number of domains: 2
Domain sizes: [61, 119]
============================================================
