DynDom Clustering Log - 1yy9_a_epidermalgrowthfactor_A_1ivo_a_epidermalgrowthfactor_A
Started: 2025-07-11 13:43:02
============================================================

Window 5, K=2 - 13:43:03
  Clusters: 2 (sizes: [308, 199])
  Min cluster size: 199
  PASS: All checks passed (avg ratio: 6.598)
  Domains: 2 (sizes: [308, 199])
  Reason: All criteria met (avg ratio: 6.598, domains: 2)

Window 5, K=3 - 13:43:03
  Clusters: 3 (sizes: [199, 247, 61])
  Min cluster size: 61
  PASS: All checks passed (avg ratio: 4.275)
  Domains: 3 (sizes: [199, 260, 48])
  Reason: All criteria met (avg ratio: 4.275, domains: 3)

Window 5, K=4 - 13:43:04
  Clusters: 4 (sizes: [199, 207, 41, 60])
  Min cluster size: 41
  PASS: All checks passed (avg ratio: 3.732)
  Domains: 4 (sizes: [199, 229, 33, 46])
  Reason: All criteria met (avg ratio: 3.732, domains: 4)

Window 5, K=5 - 13:43:04
  Clusters: 5 (sizes: [199, 205, 56, 7, 40])
  Min cluster size: 7
  FAIL: Cluster too small (< 20 residues)
  Reason: Cluster too small but previous valid solution exists (k=4)

============================================================
FINAL RESULT
Time: 2025-07-11 13:43:04
Final K: 4
Final window: 5
Status: 0
Number of domains: 4
Domain sizes: [199, 229, 33, 46]
============================================================
