DynDom Clustering Log - 1yy9_a_epidermalgrowthfactor_A_1ivo_a_epidermalgrowthfactor_A
Started: 2025-07-17 13:05:09
============================================================

Window 5, K=2 - 13:05:09
  Clusters: 2 (sizes: [308, 199])
  Min cluster size: 199
  PASS: All checks passed
  Domains: 2 (sizes: [308, 199])
  Reason: Hierarchical analysis successful (domains: 2)

Window 5, K=3 - 13:05:10
  Clusters: 3 (sizes: [199, 247, 61])
  Min cluster size: 61
  PASS: All checks passed
  Domains: 3 (sizes: [199, 260, 48])
  Reason: Hierarchical analysis successful (domains: 3)

Window 5, K=4 - 13:05:11
  Clusters: 4 (sizes: [199, 207, 41, 60])
  Min cluster size: 41
  PASS: All checks passed
  Domains: 4 (sizes: [199, 229, 33, 46])
  Reason: Hierarchical analysis successful (domains: 4)

Window 5, K=5 - 13:05:11
  Clusters: 5 (sizes: [199, 205, 56, 7, 40])
  Min cluster size: 7
  FAIL: Cluster too small (< 20 residues)
  Reason: Cluster too small but previous valid solution exists (k=4)

============================================================
FINAL RESULT
Time: 2025-07-17 13:05:11
Final K: 4
Final window: 5
Status: 0
Number of domains: 4
Domain sizes: [199, 229, 33, 46]
============================================================
